<?xml version="1.0" encoding="UTF-8"?>
<coverage generated="1699719681639" clover="3.2.0">
  <project timestamp="1699719681639" name="All files">
    <metrics statements="16" coveredstatements="16" conditionals="8" coveredconditionals="8" methods="4" coveredmethods="4" elements="28" coveredelements="28" complexity="0" loc="16" ncloc="16" packages="1" files="1" classes="1"/>
    <file name="arrays.ts" path="C:\Users\raulf\OneDrive\Escriptori\Test-React- front-backend\react-front\src\utilities\arrays.ts">
      <metrics statements="16" coveredstatements="16" conditionals="8" coveredconditionals="8" methods="4" coveredmethods="4"/>
      <line num="1" count="1" type="stmt"/>
      <line num="2" count="17" type="cond" truecount="3" falsecount="0"/>
      <line num="3" count="16" type="cond" truecount="3" falsecount="0"/>
      <line num="6" count="1" type="stmt"/>
      <line num="7" count="3" type="stmt"/>
      <line num="9" count="3" type="stmt"/>
      <line num="10" count="3" type="stmt"/>
      <line num="11" count="11" type="cond" truecount="1" falsecount="0"/>
      <line num="13" count="9" type="stmt"/>
      <line num="15" count="9" type="cond" truecount="1" falsecount="0"/>
      <line num="16" count="3" type="stmt"/>
      <line num="17" count="3" type="stmt"/>
      <line num="20" count="6" type="stmt"/>
      <line num="21" count="6" type="stmt"/>
      <line num="24" count="3" type="stmt"/>
      <line num="25" count="11" type="stmt"/>
    </file>
  </project>
</coverage>
