{"C:\\Users\\raulf\\OneDrive\\Escriptori\\Test-React- front-backend\\react-front\\src\\utilities\\arrays.ts": {"path":"C:\\Users\\raulf\\OneDrive\\Escriptori\\Test-React- front-backend\\react-front\\src\\utilities\\arrays.ts","statementMap":{"0":{"start":{"line":1,"column":23},"end":{"line":4,"column":1}},"1":{"start":{"line":2,"column":2},"end":{"line":2,"column":61}},"2":{"start":{"line":2,"column":49},"end":{"line":2,"column":61}},"3":{"start":{"line":3,"column":2},"end":{"line":3,"column":63}},"4":{"start":{"line":1,"column":13},"end":{"line":1,"column":23}},"5":{"start":{"line":6,"column":31},"end":{"line":28,"column":1}},"6":{"start":{"line":7,"column":23},"end":{"line":7,"column":46}},"7":{"start":{"line":9,"column":19},"end":{"line":9,"column":20}},"8":{"start":{"line":10,"column":22},"end":{"line":22,"column":4}},"9":{"start":{"line":11,"column":4},"end":{"line":11,"column":38}},"10":{"start":{"line":11,"column":26},"end":{"line":11,"column":38}},"11":{"start":{"line":13,"column":18},"end":{"line":13,"column":41}},"12":{"start":{"line":15,"column":4},"end":{"line":18,"column":null}},"13":{"start":{"line":16,"column":6},"end":{"line":16,"column":34}},"14":{"start":{"line":17,"column":6},"end":{"line":17,"column":25}},"15":{"start":{"line":20,"column":4},"end":{"line":20,"column":32}},"16":{"start":{"line":21,"column":4},"end":{"line":21,"column":23}},"17":{"start":{"line":24,"column":2},"end":{"line":27,"column":23}},"18":{"start":{"line":25,"column":21},"end":{"line":25,"column":33}},"19":{"start":{"line":6,"column":13},"end":{"line":6,"column":31}}},"fnMap":{"0":{"name":"(anonymous_0)","decl":{"start":{"line":1,"column":23},"end":{"line":1,"column":24}},"loc":{"start":{"line":1,"column":69},"end":{"line":4,"column":1}}},"1":{"name":"(anonymous_1)","decl":{"start":{"line":6,"column":31},"end":{"line":6,"column":32}},"loc":{"start":{"line":6,"column":64},"end":{"line":28,"column":1}}},"2":{"name":"(anonymous_2)","decl":{"start":{"line":10,"column":39},"end":{"line":10,"column":40}},"loc":{"start":{"line":10,"column":48},"end":{"line":22,"column":3}}},"3":{"name":"(anonymous_3)","decl":{"start":{"line":25,"column":12},"end":{"line":25,"column":13}},"loc":{"start":{"line":25,"column":21},"end":{"line":25,"column":33}}}},"branchMap":{"0":{"loc":{"start":{"line":2,"column":2},"end":{"line":2,"column":61}},"type":"if","locations":[{"start":{"line":2,"column":2},"end":{"line":2,"column":61}}]},"1":{"loc":{"start":{"line":2,"column":6},"end":{"line":2,"column":47}},"type":"binary-expr","locations":[{"start":{"line":2,"column":6},"end":{"line":2,"column":31}},{"start":{"line":2,"column":35},"end":{"line":2,"column":47}}]},"2":{"loc":{"start":{"line":3,"column":9},"end":{"line":3,"column":62}},"type":"binary-expr","locations":[{"start":{"line":3,"column":9},"end":{"line":3,"column":28}},{"start":{"line":3,"column":32},"end":{"line":3,"column":46}},{"start":{"line":3,"column":50},"end":{"line":3,"column":62}}]},"3":{"loc":{"start":{"line":11,"column":4},"end":{"line":11,"column":38}},"type":"if","locations":[{"start":{"line":11,"column":4},"end":{"line":11,"column":38}}]},"4":{"loc":{"start":{"line":15,"column":4},"end":{"line":18,"column":null}},"type":"if","locations":[{"start":{"line":15,"column":4},"end":{"line":18,"column":null}}]}},"s":{"0":1,"1":17,"2":1,"3":16,"4":1,"5":1,"6":3,"7":3,"8":3,"9":11,"10":2,"11":9,"12":9,"13":3,"14":3,"15":6,"16":6,"17":3,"18":11,"19":1},"f":{"0":17,"1":3,"2":11,"3":11},"b":{"0":[1],"1":[17,4],"2":[16,15,13],"3":[2],"4":[3]}}
}
